<?xml version="1.0" encoding="UTF-8"?>
<robot generator="Robot 3.2.2 (Python 3.9.0 on win32)" generated="20201219 16:03:06.562" rpa="false">
<suite id="s1" name="Workshop6" source="C:\Users\maxx\Desktop\ป.โท\github\workshop6.robot">
<test id="s1-t1" name="TC01 เปิดหน้า Login Page">
<kw name="เปิด Browser ไปหน้า Login Page">
<kw name="Open Browser" library="SeleniumLibrary">
<doc>Opens a new browser instance to the optional ``url``.</doc>
<arguments>
<arg>${URL}</arg>
<arg>${BROWSER}</arg>
</arguments>
<msg timestamp="20201219 16:03:06.823" level="INFO">Opening browser 'Chrome' to base url 'http://localhost:5000'.</msg>
<status status="PASS" starttime="20201219 16:03:06.822" endtime="20201219 16:03:10.669"></status>
</kw>
<kw name="Maximize Browser Window" library="SeleniumLibrary">
<doc>Maximizes current browser window.</doc>
<status status="PASS" starttime="20201219 16:03:10.669" endtime="20201219 16:03:12.839"></status>
</kw>
<kw name="Set Selenium Speed" library="SeleniumLibrary">
<doc>Sets the delay that is waited after each Selenium command.</doc>
<arguments>
<arg>${DELAY}</arg>
</arguments>
<msg timestamp="20201219 16:03:12.841" level="FAIL">Variable '${DELAY}' not found.</msg>
<status status="FAIL" starttime="20201219 16:03:12.840" endtime="20201219 16:03:12.841"></status>
</kw>
<status status="FAIL" starttime="20201219 16:03:06.822" endtime="20201219 16:03:12.842"></status>
</kw>
<tags>
<tag>TC01</tag>
</tags>
<status status="FAIL" starttime="20201219 16:03:06.821" endtime="20201219 16:03:12.845" critical="yes">Variable '${DELAY}' not found.</status>
</test>
<test id="s1-t2" name="TC02 Login ใส่ username และ password ถูกต้อง">
<kw name="เปิด Browser ไปหน้า Login Page">
<kw name="Open Browser" library="SeleniumLibrary">
<doc>Opens a new browser instance to the optional ``url``.</doc>
<arguments>
<arg>${URL}</arg>
<arg>${BROWSER}</arg>
</arguments>
<msg timestamp="20201219 16:03:12.862" level="INFO">Opening browser 'Chrome' to base url 'http://localhost:5000'.</msg>
<status status="PASS" starttime="20201219 16:03:12.861" endtime="20201219 16:03:17.368"></status>
</kw>
<kw name="Maximize Browser Window" library="SeleniumLibrary">
<doc>Maximizes current browser window.</doc>
<status status="PASS" starttime="20201219 16:03:17.369" endtime="20201219 16:03:19.494"></status>
</kw>
<kw name="Set Selenium Speed" library="SeleniumLibrary">
<doc>Sets the delay that is waited after each Selenium command.</doc>
<arguments>
<arg>${DELAY}</arg>
</arguments>
<msg timestamp="20201219 16:03:19.495" level="FAIL">Variable '${DELAY}' not found.</msg>
<status status="FAIL" starttime="20201219 16:03:19.494" endtime="20201219 16:03:19.495"></status>
</kw>
<status status="FAIL" starttime="20201219 16:03:12.860" endtime="20201219 16:03:19.495"></status>
</kw>
<tags>
<tag>TC02</tag>
</tags>
<status status="FAIL" starttime="20201219 16:03:12.857" endtime="20201219 16:03:19.496" critical="yes">Variable '${DELAY}' not found.</status>
</test>
<test id="s1-t3" name="TC03 เพิ่ม member">
<kw name="เปิด Browser ไปหน้า Login Page">
<kw name="Open Browser" library="SeleniumLibrary">
<doc>Opens a new browser instance to the optional ``url``.</doc>
<arguments>
<arg>${URL}</arg>
<arg>${BROWSER}</arg>
</arguments>
<msg timestamp="20201219 16:03:19.511" level="INFO">Opening browser 'Chrome' to base url 'http://localhost:5000'.</msg>
<status status="PASS" starttime="20201219 16:03:19.511" endtime="20201219 16:03:23.328"></status>
</kw>
<kw name="Maximize Browser Window" library="SeleniumLibrary">
<doc>Maximizes current browser window.</doc>
<status status="PASS" starttime="20201219 16:03:23.329" endtime="20201219 16:03:25.460"></status>
</kw>
<kw name="Set Selenium Speed" library="SeleniumLibrary">
<doc>Sets the delay that is waited after each Selenium command.</doc>
<arguments>
<arg>${DELAY}</arg>
</arguments>
<msg timestamp="20201219 16:03:25.461" level="FAIL">Variable '${DELAY}' not found.</msg>
<status status="FAIL" starttime="20201219 16:03:25.460" endtime="20201219 16:03:25.461"></status>
</kw>
<status status="FAIL" starttime="20201219 16:03:19.510" endtime="20201219 16:03:25.461"></status>
</kw>
<tags>
<tag>TC03</tag>
</tags>
<status status="FAIL" starttime="20201219 16:03:19.509" endtime="20201219 16:03:25.462" critical="yes">Variable '${DELAY}' not found.</status>
</test>
<test id="s1-t4" name="TC04 แก้ไข member">
<kw name="เปิด Browser ไปหน้า Login Page">
<kw name="Open Browser" library="SeleniumLibrary">
<doc>Opens a new browser instance to the optional ``url``.</doc>
<arguments>
<arg>${URL}</arg>
<arg>${BROWSER}</arg>
</arguments>
<msg timestamp="20201219 16:03:25.474" level="INFO">Opening browser 'Chrome' to base url 'http://localhost:5000'.</msg>
<kw name="Capture Page Screenshot" library="SeleniumLibrary">
<doc>Takes a screenshot of the current page and embeds it into a log file.</doc>
<status status="FAIL" starttime="20201219 16:03:36.013" endtime="20201219 16:03:36.014"></status>
</kw>
<msg timestamp="20201219 16:03:36.014" level="WARN">Keyword 'Capture Page Screenshot' could not be run on failure: Execution terminated by signal</msg>
<status status="FAIL" starttime="20201219 16:03:25.473" endtime="20201219 16:03:36.016"></status>
</kw>
<status status="FAIL" starttime="20201219 16:03:25.473" endtime="20201219 16:03:36.016"></status>
</kw>
<tags>
<tag>TC04</tag>
</tags>
<status status="FAIL" starttime="20201219 16:03:25.471" endtime="20201219 16:03:36.017" critical="yes">Execution terminated by signal</status>
</test>
<test id="s1-t5" name="TC05 ลบ member">
<tags>
<tag>robot:exit</tag>
<tag>TC05</tag>
</tags>
<status status="FAIL" starttime="20201219 16:03:36.024" endtime="20201219 16:03:36.025" critical="yes">Test execution stopped due to a fatal error.</status>
</test>
<status status="FAIL" starttime="20201219 16:03:06.564" endtime="20201219 16:03:36.029"></status>
</suite>
<statistics>
<total>
<stat pass="0" fail="5">Critical Tests</stat>
<stat pass="0" fail="5">All Tests</stat>
</total>
<tag>
<stat pass="0" fail="4" info="combined" combined="NOT robot:exit">NOT robot:exit</stat>
<stat pass="0" fail="1">robot:exit</stat>
<stat pass="0" fail="1">TC01</stat>
<stat pass="0" fail="1">TC02</stat>
<stat pass="0" fail="1">TC03</stat>
<stat pass="0" fail="1">TC04</stat>
<stat pass="0" fail="1">TC05</stat>
</tag>
<suite>
<stat pass="0" fail="5" id="s1" name="Workshop6">Workshop6</stat>
</suite>
</statistics>
<errors>
<msg timestamp="20201219 16:03:36.014" level="WARN">Keyword 'Capture Page Screenshot' could not be run on failure: Execution terminated by signal</msg>
</errors>
</robot>
