<?xml version="1.0" encoding="UTF-8"?>
<robot generator="Robot 3.2.2 (Python 3.9.0 on win32)" generated="20201219 14:41:37.374" rpa="false">
<suite id="s1" name="Sign Up" source="C:\Users\maxx\Desktop\ป.โท\github\sign_up.robot">
<test id="s1-t1" name="TC01 ทดสอบ signup page">
<kw name="เปิด browser ด้วย chrome">
<kw name="Open Browser" library="SeleniumLibrary">
<doc>Opens a new browser instance to the optional ``url``.</doc>
<arguments>
<arg>https://www.kimschiller.com/page-object-pattern-tutorial/</arg>
<arg>chrome</arg>
</arguments>
<msg timestamp="20201219 14:41:37.666" level="INFO">Opening browser 'chrome' to base url 'https://www.kimschiller.com/page-object-pattern-tutorial/'.</msg>
<status status="PASS" starttime="20201219 14:41:37.666" endtime="20201219 14:41:41.539"></status>
</kw>
<status status="PASS" starttime="20201219 14:41:37.666" endtime="20201219 14:41:41.539"></status>
</kw>
<kw name="กรอกข้อมูลfirstname">
<arguments>
<arg>kantapat</arg>
</arguments>
<kw name="Input Text" library="SeleniumLibrary">
<doc>Types the given ``text`` into the text field identified by ``locator``.</doc>
<arguments>
<arg>id=firstname</arg>
<arg>${Keyword}</arg>
</arguments>
<msg timestamp="20201219 14:41:41.542" level="INFO">Typing text 'kantapat' into text field 'id=firstname'.</msg>
<status status="PASS" starttime="20201219 14:41:41.541" endtime="20201219 14:41:41.668"></status>
</kw>
<status status="PASS" starttime="20201219 14:41:41.540" endtime="20201219 14:41:41.668"></status>
</kw>
<kw name="กรอกข้อมูลlastname">
<arguments>
<arg>chatsoponpan</arg>
</arguments>
<kw name="Input Text" library="SeleniumLibrary">
<doc>Types the given ``text`` into the text field identified by ``locator``.</doc>
<arguments>
<arg>id=lastname</arg>
<arg>${Keyword}</arg>
</arguments>
<msg timestamp="20201219 14:41:41.670" level="INFO">Typing text 'chatsoponpan' into text field 'id=lastname'.</msg>
<status status="PASS" starttime="20201219 14:41:41.670" endtime="20201219 14:41:41.776"></status>
</kw>
<status status="PASS" starttime="20201219 14:41:41.669" endtime="20201219 14:41:41.777"></status>
</kw>
<kw name="กรอกข้อมูลaddress">
<arguments>
<arg>713/8</arg>
</arguments>
<kw name="Input Text" library="SeleniumLibrary">
<doc>Types the given ``text`` into the text field identified by ``locator``.</doc>
<arguments>
<arg>id=address</arg>
<arg>${Keyword}</arg>
</arguments>
<msg timestamp="20201219 14:41:41.778" level="INFO">Typing text '713/8' into text field 'id=address'.</msg>
<status status="PASS" starttime="20201219 14:41:41.778" endtime="20201219 14:41:41.878"></status>
</kw>
<status status="PASS" starttime="20201219 14:41:41.777" endtime="20201219 14:41:41.878"></status>
</kw>
<kw name="กรอกข้อมูลzipcode">
<arguments>
<arg>10260</arg>
</arguments>
<kw name="Input Text" library="SeleniumLibrary">
<doc>Types the given ``text`` into the text field identified by ``locator``.</doc>
<arguments>
<arg>id=zipcode</arg>
<arg>${Keyword}</arg>
</arguments>
<msg timestamp="20201219 14:41:41.880" level="INFO">Typing text '10260' into text field 'id=zipcode'.</msg>
<status status="PASS" starttime="20201219 14:41:41.879" endtime="20201219 14:41:41.982"></status>
</kw>
<status status="PASS" starttime="20201219 14:41:41.879" endtime="20201219 14:41:41.983"></status>
</kw>
<kw name="กดปุ่ม signup">
<kw name="Click Button" library="SeleniumLibrary">
<doc>Clicks the button identified by ``locator``.</doc>
<arguments>
<arg>id=signup</arg>
</arguments>
<msg timestamp="20201219 14:41:41.984" level="INFO">Clicking button 'id=signup'.</msg>
<status status="PASS" starttime="20201219 14:41:41.984" endtime="20201219 14:41:42.544"></status>
</kw>
<status status="PASS" starttime="20201219 14:41:41.983" endtime="20201219 14:41:42.545"></status>
</kw>
<kw name="Wait Until Page Contains" library="SeleniumLibrary">
<doc>Waits until ``text`` appears on the current page.</doc>
<arguments>
<arg>Thank you!</arg>
</arguments>
<status status="PASS" starttime="20201219 14:41:42.545" endtime="20201219 14:41:42.565"></status>
</kw>
<kw name="Close Browser" library="SeleniumLibrary" type="teardown">
<doc>Closes the current browser.</doc>
<status status="PASS" starttime="20201219 14:41:42.566" endtime="20201219 14:41:44.721"></status>
</kw>
<status status="PASS" starttime="20201219 14:41:37.664" endtime="20201219 14:41:44.722" critical="yes"></status>
</test>
<status status="PASS" starttime="20201219 14:41:37.377" endtime="20201219 14:41:44.724"></status>
</suite>
<statistics>
<total>
<stat pass="1" fail="0">Critical Tests</stat>
<stat pass="1" fail="0">All Tests</stat>
</total>
<tag>
</tag>
<suite>
<stat pass="1" fail="0" id="s1" name="Sign Up">Sign Up</stat>
</suite>
</statistics>
<errors>
</errors>
</robot>
