<?xml version="1.0" encoding="UTF-8"?>
<robot generator="Robot 3.2.2 (Python 3.9.0 on win32)" generated="20201219 10:45:20.173" rpa="false">
<suite id="s1" name="Example" source="C:\Users\maxx\Desktop\ป.โท\github\calgrade\example.robot">
<test id="s1-t1" name="TC01 Returning from function">
<kw name="Set Variable" library="BuiltIn">
<doc>Returns the given values which can then be assigned to a variables.</doc>
<arguments>
<arg>hello</arg>
</arguments>
<assign>
<var>${x}</var>
</assign>
<msg timestamp="20201219 10:45:20.222" level="INFO">${x} = hello</msg>
<status status="PASS" starttime="20201219 10:45:20.221" endtime="20201219 10:45:20.222"></status>
</kw>
<kw name="Log" library="BuiltIn">
<doc>Logs the given message with the given level.</doc>
<arguments>
<arg>We got ${x}!</arg>
</arguments>
<msg timestamp="20201219 10:45:20.223" level="INFO">We got hello!</msg>
<status status="PASS" starttime="20201219 10:45:20.222" endtime="20201219 10:45:20.223"></status>
</kw>
<kw name="Log To Console" library="BuiltIn">
<doc>Logs the given message to the console.</doc>
<arguments>
<arg>${x}</arg>
</arguments>
<status status="PASS" starttime="20201219 10:45:20.223" endtime="20201219 10:45:20.249"></status>
</kw>
<tags>
<tag>TC01</tag>
</tags>
<status status="PASS" starttime="20201219 10:45:20.220" endtime="20201219 10:45:20.249" critical="yes"></status>
</test>
<status status="PASS" starttime="20201219 10:45:20.177" endtime="20201219 10:45:20.253"></status>
</suite>
<statistics>
<total>
<stat pass="1" fail="0">Critical Tests</stat>
<stat pass="1" fail="0">All Tests</stat>
</total>
<tag>
<stat pass="1" fail="0">TC01</stat>
</tag>
<suite>
<stat pass="1" fail="0" id="s1" name="Example">Example</stat>
</suite>
</statistics>
<errors>
</errors>
</robot>
